18-08-17.16:44:39.911 [main            ] INFO  BlockServiceTest        - Starting BlockServiceTest on USER-20150909BM with PID 7216 (started by Administrator in C:\Users\Administrator\Desktop\beidouchain)
18-08-17.16:44:39.923 [main            ] INFO  BlockServiceTest        - No active profile set, falling back to default profiles: default
18-08-17.16:44:41.195 [background-preinit] INFO  Version                 - HV000001: Hibernate Validator 5.3.6.Final
18-08-17.16:44:46.494 [main            ] INFO  MyServiceInit           - startBlock:556710,endBlock:556730,totalSuccess:0
18-08-17.16:44:46.672 [main            ] INFO  MyServiceInit           - startBlock:556689,endBlock:556709,totalSuccess:0
18-08-17.16:44:46.842 [main            ] INFO  MyServiceInit           - startBlock:556668,endBlock:556688,totalSuccess:0
18-08-17.16:44:47.183 [main            ] INFO  BlockService            - txid:ed545e319dd4faee485f779af5e4def3f4c7d5e80a9ef3891468822110567546,vin:coinbase ignore
18-08-17.16:44:47.187 [main            ] INFO  BlockService            - txid:9ff2af6672c0b7413080d8abd4361c0cd2d72290aa7ba54f1a6b489da44134b9 add
18-08-17.16:44:47.189 [main            ] INFO  BlockService            - txid:b923c5f19dda2781f80b3ef4c334c0f45271d7f3fbe0f4a7c093cbdbea721f77 add
18-08-17.16:44:47.191 [main            ] INFO  MyServiceInit           - startBlock:556647,endBlock:556667,totalSuccess:2
18-08-17.16:44:47.354 [main            ] INFO  MyServiceInit           - startBlock:556626,endBlock:556646,totalSuccess:2
18-08-17.16:44:47.696 [main            ] INFO  BlockService            - txid:5dac78088df4357ee038560a65c4a75755a700312e969ee3761c0af8a99ffc0f,vin:coinbase ignore
18-08-17.16:44:47.697 [main            ] INFO  BlockService            - txid:f1c98201e9399310318315fb487b2e3fa488ce022f4b0c2680227e0ea1bd85b8 add
18-08-17.16:44:47.699 [main            ] INFO  BlockService            - txid:b52a622095fe7a0eac8c40b937d3f98cdd7ecc61aba05e8289f67dacfe398254 add
18-08-17.16:44:47.874 [main            ] INFO  BlockService            - txid:f2a62b611c5fdfca2be35220b63cce0326f34c268c3d725cf40d0efc382a51d1,vin:coinbase ignore
18-08-17.16:44:47.874 [main            ] INFO  BlockService            - txid:bef333e587984edf08eb3ec37fdda42cf8a81f745842f648d39dd5a36dc39809 add
18-08-17.16:44:48.043 [main            ] INFO  BlockService            - txid:4470d917c079fa3e220c282509b1145f958069ad8d82a7840af9e75264e5dfe7,vin:coinbase ignore
18-08-17.16:44:48.045 [main            ] INFO  BlockService            - txid:24d7ac51e04b1f48de2ae171867ec39cf326ce4e04ba919d56e517188e6cccb7 add
18-08-17.16:44:48.046 [main            ] INFO  BlockService            - txid:75deef0b49b627dde1ab4b57e387769fbbde88965a35c7b117c5cac29a922839 add
18-08-17.16:44:48.219 [main            ] INFO  BlockService            - txid:8b3eab894d18ac4ac7c9b0011747ea9dee85ddb50de3ae76c00ab8288b5c3fef,vin:coinbase ignore
18-08-17.16:44:48.219 [main            ] INFO  BlockService            - txid:53e34ad60d52092302af937c36dcda0c849e068c7c208c9dcee0939b51f7d56c add
18-08-17.16:44:48.391 [main            ] INFO  BlockService            - txid:b2613a56bff9778b76e1241663d24e26d88116617d6d09b8667770086b01b4b5,vin:coinbase ignore
18-08-17.16:44:48.392 [main            ] INFO  BlockService            - txid:0a43da51112a7e4171bd87876fd858464aa7cfd9a88c2324764db077f1cfc47e add
18-08-17.16:44:48.392 [main            ] INFO  BlockService            - txid:67b26002d5b4c74217ee5fa1534f816f5bdd9daace17360161922a6dec944c1f add
18-08-17.16:44:48.392 [main            ] INFO  BlockService            - txid:b62f71737b2108dcccc304d0323e515306cfd6da6494db3f27c6b76110b20005 add
18-08-17.16:44:48.394 [main            ] INFO  MyServiceInit           - startBlock:556605,endBlock:556625,totalSuccess:11
18-08-17.16:44:48.577 [main            ] INFO  BlockServiceTest        - Started BlockServiceTest in 9.049 seconds (JVM running for 10.508)
18-08-17.16:44:49.398 [pool-2-thread-1 ] INFO  UpdateHomePageJob       - runUpdateTransActionJob!
